2020-10-18 20:54:39,002 - Velocimacro :  VM library template macro registration complete.
2020-10-18 20:54:39,004 - Velocimacro : allowInline = true : VMs can be defined inline in templates
2020-10-18 20:54:39,004 - Velocimacro : allowInlineToOverride = false : VMs defined inline may NOT replace previous VM definitions
2020-10-18 20:54:39,004 - Velocimacro : allowInlineLocal = false : VMs defined inline will be  global in scope if allowed.
2020-10-18 20:54:39,004 - Velocimacro : messages on  : VM system will output logging messages
2020-10-18 20:54:39,004 - Velocimacro : autoload off  : VM system will not automatically reload global library macros
2020-10-18 20:54:39,004 - Velocimacro : initialization complete.
2020-10-18 20:54:39,004 - NVelocity successfully started.
2020-10-18 20:54:39,013 - SimpleLog4NetLogSystem initialized using logfile 'nvelocity.log'
2020-10-18 20:54:39,014 - ************************************************************** 
2020-10-18 20:54:39,014 - Starting NVelocity v0.4.1
2020-10-18 20:54:39,014 - RuntimeInstance initializing.
2020-10-18 20:54:39,014 - Default Properties File: NVelocity.Runtime.Defaults.nvelocity.properties
2020-10-18 20:54:39,014 - Trying to use logger class NVelocity.Runtime.Log.SimpleLog4NetLogSystem,NVelocity
2020-10-18 20:54:39,014 - Using logger class NVelocity.Runtime.Log.SimpleLog4NetLogSystem,NVelocity
2020-10-18 20:54:39,014 - Default ResourceManager initializing. (NVelocity.Runtime.Resource.ResourceManagerImpl)
2020-10-18 20:54:39,014 - Resource Loader Instantiated: NVelocity.Runtime.Resource.Loader.FileResourceLoader
2020-10-18 20:54:39,014 - FileResourceLoader : initialization starting.
2020-10-18 20:54:39,014 - FileResourceLoader : adding path '.'
2020-10-18 20:54:39,014 - FileResourceLoader : initialization complete.
2020-10-18 20:54:39,014 - ResourceCache : initialized. (NVelocity.Runtime.Resource.ResourceCacheImpl)
2020-10-18 20:54:39,014 - Default ResourceManager initialization complete.
2020-10-18 20:54:39,021 - Loaded System Directive: NVelocity.Runtime.Directive.Parse,NVelocity
2020-10-18 20:54:39,021 - Loaded System Directive: NVelocity.Runtime.Directive.Include,NVelocity
2020-10-18 20:54:39,021 - Loaded System Directive: NVelocity.Runtime.Directive.Macro,NVelocity
2020-10-18 20:54:39,021 - Loaded System Directive: NVelocity.Runtime.Directive.Literal,NVelocity
2020-10-18 20:54:39,021 - Loaded System Directive: NVelocity.Runtime.Directive.Foreach,NVelocity
2020-10-18 20:54:39,021 - Created: 20 parsers.
2020-10-18 20:54:39,021 - Velocimacro : initialization starting.
2020-10-18 20:54:39,021 - Velocimacro : adding VMs from VM library template : VM_global_library.vm
2020-10-18 20:54:39,028 - ResourceManager : unable to find resource 'VM_global_library.vm' in any resource loader.
2020-10-18 20:54:39,028 - Velocimacro : error using  VM library template VM_global_library.vm : NVelocity.Exception.ResourceNotFoundException: Unable to find resource 'VM_global_library.vm'
   在 NVelocity.Runtime.Resource.ResourceManagerImpl.getResource(String resourceName, Int32 resourceType, String encoding)
   在 NVelocity.Runtime.RuntimeInstance.getTemplate(String name, String encoding)
   在 NVelocity.Runtime.RuntimeInstance.getTemplate(String name)
   在 NVelocity.Runtime.VelocimacroFactory.initVelocimacro()
2020-10-18 20:54:39,028 - Velocimacro :  VM library template macro registration complete.
2020-10-18 20:54:39,028 - Velocimacro : allowInline = true : VMs can be defined inline in templates
2020-10-18 20:54:39,028 - Velocimacro : allowInlineToOverride = false : VMs defined inline may NOT replace previous VM definitions
2020-10-18 20:54:39,028 - Velocimacro : allowInlineLocal = false : VMs defined inline will be  global in scope if allowed.
2020-10-18 20:54:39,028 - Velocimacro : messages on  : VM system will output logging messages
2020-10-18 20:54:39,028 - Velocimacro : autoload off  : VM system will not automatically reload global library macros
2020-10-18 20:54:39,028 - Velocimacro : initialization complete.
2020-10-18 20:54:39,028 - NVelocity successfully started.
2020-10-18 20:54:39,036 - SimpleLog4NetLogSystem initialized using logfile 'nvelocity.log'
2020-10-18 20:54:39,036 - ************************************************************** 
2020-10-18 20:54:39,036 - Starting NVelocity v0.4.1
2020-10-18 20:54:39,036 - RuntimeInstance initializing.
2020-10-18 20:54:39,036 - Default Properties File: NVelocity.Runtime.Defaults.nvelocity.properties
2020-10-18 20:54:39,036 - Trying to use logger class NVelocity.Runtime.Log.SimpleLog4NetLogSystem,NVelocity
2020-10-18 20:54:39,036 - Using logger class NVelocity.Runtime.Log.SimpleLog4NetLogSystem,NVelocity
2020-10-18 20:54:39,036 - Default ResourceManager initializing. (NVelocity.Runtime.Resource.ResourceManagerImpl)
2020-10-18 20:54:39,036 - Resource Loader Instantiated: NVelocity.Runtime.Resource.Loader.FileResourceLoader
2020-10-18 20:54:39,036 - FileResourceLoader : initialization starting.
2020-10-18 20:54:39,036 - FileResourceLoader : adding path '.'
2020-10-18 20:54:39,036 - FileResourceLoader : initialization complete.
2020-10-18 20:54:39,036 - ResourceCache : initialized. (NVelocity.Runtime.Resource.ResourceCacheImpl)
2020-10-18 20:54:39,036 - Default ResourceManager initialization complete.
2020-10-18 20:54:39,044 - Loaded System Directive: NVelocity.Runtime.Directive.Parse,NVelocity
2020-10-18 20:54:39,044 - Loaded System Directive: NVelocity.Runtime.Directive.Include,NVelocity
2020-10-18 20:54:39,044 - Loaded System Directive: NVelocity.Runtime.Directive.Macro,NVelocity
2020-10-18 20:54:39,044 - Loaded System Directive: NVelocity.Runtime.Directive.Literal,NVelocity
2020-10-18 20:54:39,044 - Loaded System Directive: NVelocity.Runtime.Directive.Foreach,NVelocity
2020-10-18 20:54:39,045 - Created: 20 parsers.
2020-10-18 20:54:39,046 - Velocimacro : initialization starting.
2020-10-18 20:54:39,046 - Velocimacro : adding VMs from VM library template : VM_global_library.vm
2020-10-18 20:54:39,053 - ResourceManager : unable to find resource 'VM_global_library.vm' in any resource loader.
2020-10-18 20:54:39,053 - Velocimacro : error using  VM library template VM_global_library.vm : NVelocity.Exception.ResourceNotFoundException: Unable to find resource 'VM_global_library.vm'
   在 NVelocity.Runtime.Resource.ResourceManagerImpl.getResource(String resourceName, Int32 resourceType, String encoding)
   在 NVelocity.Runtime.RuntimeInstance.getTemplate(String name, String encoding)
   在 NVelocity.Runtime.RuntimeInstance.getTemplate(String name)
   在 NVelocity.Runtime.VelocimacroFactory.initVelocimacro()
2020-10-18 20:54:39,053 - Velocimacro :  VM library template macro registration complete.
2020-10-18 20:54:39,053 - Velocimacro : allowInline = true : VMs can be defined inline in templates
2020-10-18 20:54:39,053 - Velocimacro : allowInlineToOverride = false : VMs defined inline may NOT replace previous VM definitions
2020-10-18 20:54:39,053 - Velocimacro : allowInlineLocal = false : VMs defined inline will be  global in scope if allowed.
2020-10-18 20:54:39,053 - Velocimacro : messages on  : VM system will output logging messages
2020-10-18 20:54:39,054 - Velocimacro : autoload off  : VM system will not automatically reload global library macros
2020-10-18 20:54:39,054 - Velocimacro : initialization complete.
2020-10-18 20:54:39,054 - NVelocity successfully started.
2020-10-18 20:54:39,103 - SimpleLog4NetLogSystem initialized using logfile 'nvelocity.log'
2020-10-18 20:54:39,103 - ************************************************************** 
2020-10-18 20:54:39,103 - Starting NVelocity v0.4.1
2020-10-18 20:54:39,103 - RuntimeInstance initializing.
2020-10-18 20:54:39,103 - Default Properties File: NVelocity.Runtime.Defaults.nvelocity.properties
2020-10-18 20:54:39,103 - Trying to use logger class NVelocity.Runtime.Log.SimpleLog4NetLogSystem,NVelocity
2020-10-18 20:54:39,103 - Using logger class NVelocity.Runtime.Log.SimpleLog4NetLogSystem,NVelocity
2020-10-18 20:54:39,103 - Default ResourceManager initializing. (NVelocity.Runtime.Resource.ResourceManagerImpl)
2020-10-18 20:54:39,103 - Resource Loader Instantiated: NVelocity.Runtime.Resource.Loader.FileResourceLoader
2020-10-18 20:54:39,103 - FileResourceLoader : initialization starting.
2020-10-18 20:54:39,103 - FileResourceLoader : adding path '.'
2020-10-18 20:54:39,103 - FileResourceLoader : initialization complete.
2020-10-18 20:54:39,103 - ResourceCache : initialized. (NVelocity.Runtime.Resource.ResourceCacheImpl)
2020-10-18 20:54:39,103 - Default ResourceManager initialization complete.
2020-10-18 20:54:39,110 - Loaded System Directive: NVelocity.Runtime.Directive.Parse,NVelocity
2020-10-18 20:54:39,110 - Loaded System Directive: NVelocity.Runtime.Directive.Include,NVelocity
2020-10-18 20:54:39,110 - Loaded System Directive: NVelocity.Runtime.Directive.Macro,NVelocity
2020-10-18 20:54:39,110 - Loaded System Directive: NVelocity.Runtime.Directive.Literal,NVelocity
2020-10-18 20:54:39,110 - Loaded System Directive: NVelocity.Runtime.Directive.Foreach,NVelocity
2020-10-18 20:54:39,111 - Created: 20 parsers.
2020-10-18 20:54:39,111 - Velocimacro : initialization starting.
2020-10-18 20:54:39,111 - Velocimacro : adding VMs from VM library template : VM_global_library.vm
2020-10-18 20:54:39,118 - ResourceManager : unable to find resource 'VM_global_library.vm' in any resource loader.
2020-10-18 20:54:39,118 - Velocimacro : error using  VM library template VM_global_library.vm : NVelocity.Exception.ResourceNotFoundException: Unable to find resource 'VM_global_library.vm'
   在 NVelocity.Runtime.Resource.ResourceManagerImpl.getResource(String resourceName, Int32 resourceType, String encoding)
   在 NVelocity.Runtime.RuntimeInstance.getTemplate(String name, String encoding)
   在 NVelocity.Runtime.RuntimeInstance.getTemplate(String name)
   在 NVelocity.Runtime.VelocimacroFactory.initVelocimacro()
2020-10-18 20:54:39,118 - Velocimacro :  VM library template macro registration complete.
2020-10-18 20:54:39,118 - Velocimacro : allowInline = true : VMs can be defined inline in templates
2020-10-18 20:54:39,118 - Velocimacro : allowInlineToOverride = false : VMs defined inline may NOT replace previous VM definitions
2020-10-18 20:54:39,118 - Velocimacro : allowInlineLocal = false : VMs defined inline will be  global in scope if allowed.
2020-10-18 20:54:39,118 - Velocimacro : messages on  : VM system will output logging messages
2020-10-18 20:54:39,118 - Velocimacro : autoload off  : VM system will not automatically reload global library macros
2020-10-18 20:54:39,118 - Velocimacro : initialization complete.
2020-10-18 20:54:39,118 - NVelocity successfully started.
2020-10-18 20:54:39,171 - SimpleLog4NetLogSystem initialized using logfile 'nvelocity.log'
2020-10-18 20:54:39,171 - ************************************************************** 
2020-10-18 20:54:39,171 - Starting NVelocity v0.4.1
2020-10-18 20:54:39,171 - RuntimeInstance initializing.
2020-10-18 20:54:39,171 - Default Properties File: NVelocity.Runtime.Defaults.nvelocity.properties
2020-10-18 20:54:39,171 - Trying to use logger class NVelocity.Runtime.Log.SimpleLog4NetLogSystem,NVelocity
2020-10-18 20:54:39,171 - Using logger class NVelocity.Runtime.Log.SimpleLog4NetLogSystem,NVelocity
2020-10-18 20:54:39,171 - Default ResourceManager initializing. (NVelocity.Runtime.Resource.ResourceManagerImpl)
2020-10-18 20:54:39,171 - Resource Loader Instantiated: NVelocity.Runtime.Resource.Loader.FileResourceLoader
2020-10-18 20:54:39,172 - FileResourceLoader : initialization starting.
2020-10-18 20:54:39,172 - FileResourceLoader : adding path '.'
2020-10-18 20:54:39,172 - FileResourceLoader : initialization complete.
2020-10-18 20:54:39,172 - ResourceCache : initialized. (NVelocity.Runtime.Resource.ResourceCacheImpl)
2020-10-18 20:54:39,172 - Default ResourceManager initialization complete.
2020-10-18 20:54:39,182 - Loaded System Directive: NVelocity.Runtime.Directive.Parse,NVelocity
2020-10-18 20:54:39,182 - Loaded System Directive: NVelocity.Runtime.Directive.Include,NVelocity
2020-10-18 20:54:39,182 - Loaded System Directive: NVelocity.Runtime.Directive.Macro,NVelocity
2020-10-18 20:54:39,182 - Loaded System Directive: NVelocity.Runtime.Directive.Literal,NVelocity
2020-10-18 20:54:39,182 - Loaded System Directive: NVelocity.Runtime.Directive.Foreach,NVelocity
2020-10-18 20:54:39,182 - Created: 20 parsers.
2020-10-18 20:54:39,182 - Velocimacro : initialization starting.
2020-10-18 20:54:39,182 - Velocimacro : adding VMs from VM library template : VM_global_library.vm
2020-10-18 20:54:39,189 - ResourceManager : unable to find resource 'VM_global_library.vm' in any resource loader.
2020-10-18 20:54:39,189 - Velocimacro : error using  VM library template VM_global_library.vm : NVelocity.Exception.ResourceNotFoundException: Unable to find resource 'VM_global_library.vm'
   在 NVelocity.Runtime.Resource.ResourceManagerImpl.getResource(String resourceName, Int32 resourceType, String encoding)
   在 NVelocity.Runtime.RuntimeInstance.getTemplate(String name, String encoding)
   在 NVelocity.Runtime.RuntimeInstance.getTemplate(String name)
   在 NVelocity.Runtime.VelocimacroFactory.initVelocimacro()
2020-10-18 20:54:39,189 - Velocimacro :  VM library template macro registration complete.
2020-10-18 20:54:39,189 - Velocimacro : allowInline = true : VMs can be defined inline in templates
2020-10-18 20:54:39,189 - Velocimacro : allowInlineToOverride = false : VMs defined inline may NOT replace previous VM definitions
2020-10-18 20:54:39,189 - Velocimacro : allowInlineLocal = false : VMs defined inline will be  global in scope if allowed.
2020-10-18 20:54:39,189 - Velocimacro : messages on  : VM system will output logging messages
2020-10-18 20:54:39,189 - Velocimacro : autoload off  : VM system will not automatically reload global library macros
2020-10-18 20:54:39,189 - Velocimacro : initialization complete.
2020-10-18 20:54:39,189 - NVelocity successfully started.
2020-10-18 20:54:39,240 - SimpleLog4NetLogSystem initialized using logfile 'nvelocity.log'
2020-10-18 20:54:39,240 - ************************************************************** 
2020-10-18 20:54:39,240 - Starting NVelocity v0.4.1
2020-10-18 20:54:39,240 - RuntimeInstance initializing.
2020-10-18 20:54:39,240 - Default Properties File: NVelocity.Runtime.Defaults.nvelocity.properties
2020-10-18 20:54:39,240 - Trying to use logger class NVelocity.Runtime.Log.SimpleLog4NetLogSystem,NVelocity
2020-10-18 20:54:39,240 - Using logger class NVelocity.Runtime.Log.SimpleLog4NetLogSystem,NVelocity
2020-10-18 20:54:39,240 - Default ResourceManager initializing. (NVelocity.Runtime.Resource.ResourceManagerImpl)
2020-10-18 20:54:39,240 - Resource Loader Instantiated: NVelocity.Runtime.Resource.Loader.FileResourceLoader
2020-10-18 20:54:39,240 - FileResourceLoader : initialization starting.
2020-10-18 20:54:39,240 - FileResourceLoader : adding path '.'
2020-10-18 20:54:39,240 - FileResourceLoader : initialization complete.
2020-10-18 20:54:39,240 - ResourceCache : initialized. (NVelocity.Runtime.Resource.ResourceCacheImpl)
2020-10-18 20:54:39,240 - Default ResourceManager initialization complete.
2020-10-18 20:54:39,247 - Loaded System Directive: NVelocity.Runtime.Directive.Parse,NVelocity
2020-10-18 20:54:39,247 - Loaded System Directive: NVelocity.Runtime.Directive.Include,NVelocity
2020-10-18 20:54:39,247 - Loaded System Directive: NVelocity.Runtime.Directive.Macro,NVelocity
2020-10-18 20:54:39,247 - Loaded System Directive: NVelocity.Runtime.Directive.Literal,NVelocity
2020-10-18 20:54:39,247 - Loaded System Directive: NVelocity.Runtime.Directive.Foreach,NVelocity
2020-10-18 20:54:39,247 - Created: 20 parsers.
2020-10-18 20:54:39,247 - Velocimacro : initialization starting.
2020-10-18 20:54:39,247 - Velocimacro : adding VMs from VM library template : VM_global_library.vm
2020-10-18 20:54:39,256 - ResourceManager : unable to find resource 'VM_global_library.vm' in any resource loader.
2020-10-18 20:54:39,256 - Velocimacro : error using  VM library template VM_global_library.vm : NVelocity.Exception.ResourceNotFoundException: Unable to find resource 'VM_global_library.vm'
   在 NVelocity.Runtime.Resource.ResourceManagerImpl.getResource(String resourceName, Int32 resourceType, String encoding)
   在 NVelocity.Runtime.RuntimeInstance.getTemplate(String name, String encoding)
   在 NVelocity.Runtime.RuntimeInstance.getTemplate(String name)
   在 NVelocity.Runtime.VelocimacroFactory.initVelocimacro()
2020-10-18 20:54:39,256 - Velocimacro :  VM library template macro registration complete.
2020-10-18 20:54:39,256 - Velocimacro : allowInline = true : VMs can be defined inline in templates
2020-10-18 20:54:39,256 - Velocimacro : allowInlineToOverride = false : VMs defined inline may NOT replace previous VM definitions
2020-10-18 20:54:39,256 - Velocimacro : allowInlineLocal = false : VMs defined inline will be  global in scope if allowed.
2020-10-18 20:54:39,256 - Velocimacro : messages on  : VM system will output logging messages
2020-10-18 20:54:39,256 - Velocimacro : autoload off  : VM system will not automatically reload global library macros
2020-10-18 20:54:39,256 - Velocimacro : initialization complete.
2020-10-18 20:54:39,256 - NVelocity successfully started.
2020-10-18 20:54:39,321 - SimpleLog4NetLogSystem initialized using logfile 'nvelocity.log'
2020-10-18 20:54:39,321 - ************************************************************** 
2020-10-18 20:54:39,321 - Starting NVelocity v0.4.1
2020-10-18 20:54:39,321 - RuntimeInstance initializing.
2020-10-18 20:54:39,321 - Default Properties File: NVelocity.Runtime.Defaults.nvelocity.properties
2020-10-18 20:54:39,321 - Trying to use logger class NVelocity.Runtime.Log.SimpleLog4NetLogSystem,NVelocity
2020-10-18 20:54:39,321 - Using logger class NVelocity.Runtime.Log.SimpleLog4NetLogSystem,NVelocity
2020-10-18 20:54:39,321 - Default ResourceManager initializing. (NVelocity.Runtime.Resource.ResourceManagerImpl)
2020-10-18 20:54:39,321 - Resource Loader Instantiated: NVelocity.Runtime.Resource.Loader.FileResourceLoader
2020-10-18 20:54:39,321 - FileResourceLoader : initialization starting.
2020-10-18 20:54:39,321 - FileResourceLoader : adding path '.'
2020-10-18 20:54:39,321 - FileResourceLoader : initialization complete.
2020-10-18 20:54:39,321 - ResourceCache : initialized. (NVelocity.Runtime.Resource.ResourceCacheImpl)
2020-10-18 20:54:39,321 - Default ResourceManager initialization complete.
2020-10-18 20:54:39,328 - Loaded System Directive: NVelocity.Runtime.Directive.Parse,NVelocity
2020-10-18 20:54:39,328 - Loaded System Directive: NVelocity.Runtime.Directive.Include,NVelocity
2020-10-18 20:54:39,328 - Loaded System Directive: NVelocity.Runtime.Directive.Macro,NVelocity
2020-10-18 20:54:39,328 - Loaded System Directive: NVelocity.Runtime.Directive.Literal,NVelocity
2020-10-18 20:54:39,328 - Loaded System Directive: NVelocity.Runtime.Directive.Foreach,NVelocity
2020-10-18 20:54:39,328 - Created: 20 parsers.
2020-10-18 20:54:39,328 - Velocimacro : initialization starting.
2020-10-18 20:54:39,328 - Velocimacro : adding VMs from VM library template : VM_global_library.vm
2020-10-18 20:54:39,336 - ResourceManager : unable to find resource 'VM_global_library.vm' in any resource loader.
2020-10-18 20:54:39,336 - Velocimacro : error using  VM library template VM_global_library.vm : NVelocity.Exception.ResourceNotFoundException: Unable to find resource 'VM_global_library.vm'
   在 NVelocity.Runtime.Resource.ResourceManagerImpl.getResource(String resourceName, Int32 resourceType, String encoding)
   在 NVelocity.Runtime.RuntimeInstance.getTemplate(String name, String encoding)
   在 NVelocity.Runtime.RuntimeInstance.getTemplate(String name)
   在 NVelocity.Runtime.VelocimacroFactory.initVelocimacro()
2020-10-18 20:54:39,336 - Velocimacro :  VM library template macro registration complete.
2020-10-18 20:54:39,336 - Velocimacro : allowInline = true : VMs can be defined inline in templates
2020-10-18 20:54:39,336 - Velocimacro : allowInlineToOverride = false : VMs defined inline may NOT replace previous VM definitions
2020-10-18 20:54:39,336 - Velocimacro : allowInlineLocal = false : VMs defined inline will be  global in scope if allowed.
2020-10-18 20:54:39,336 - Velocimacro : messages on  : VM system will output logging messages
2020-10-18 20:54:39,336 - Velocimacro : autoload off  : VM system will not automatically reload global library macros
2020-10-18 20:54:39,336 - Velocimacro : initialization complete.
2020-10-18 20:54:39,336 - NVelocity successfully started.
